# JRE version: OpenJDK Runtime Environment Temurin-21.0.11+10 (21.0.11+10) (build 21.0.11+10-LTS)
# Java VM: OpenJDK 64-Bit Server VM Temurin-21.0.11+10 (21.0.11+10-LTS, mixed mode, sharing, tiered, compressed oops, compressed class ptrs, parallel gc, windows-amd64)
GC Precious Log:
 CardTable entry size: 512
 CPUs: 8 total, 8 available
 Memory: 5877M
 Large Page Support: Disabled
 NUMA Support: Disabled
 Compressed Oops: Enabled (32-bit)
 Alignments: Space 512K, Generation 512K, Heap 2M
 Heap Min Capacity: 100M
 Heap Initial Capacity: 100M
 Heap Max Capacity: 2G
 Pre-touch: Disabled
 Parallel Workers: 8
Heap:
 PSYoungGen      total 8192K, used 7968K [0x00000000d5580000, 0x00000000d6380000, 0x0000000100000000)
  eden space 5120K, 100% used [0x00000000d5580000,0x00000000d5a80000,0x00000000d5a80000)
  from space 3072K, 92% used [0x00000000d6080000,0x00000000d6348000,0x00000000d6380000)
  to   space 4096K, 7% used [0x00000000d5b80000,0x00000000d5bc8000,0x00000000d5f80000)
 ParOldGen       total 645632K, used 645628K [0x0000000080000000, 0x00000000a7680000, 0x00000000d5580000)
  object space 645632K, 99% used [0x0000000080000000,0x00000000a767f2b8,0x00000000a7680000)
 Metaspace       used 93376K, committed 95104K, reserved 1179648K
  class space    used 9746K, committed 10496K, reserved 1048576K
GC Heap History (20 events):
Event: 19463.450 GC heap before
{Heap before GC invocations=1093 (full 4):
 PSYoungGen      total 11776K, used 11692K [0x00000000d5580000, 0x00000000d6900000, 0x0000000100000000)
  eden space 6656K, 99% used [0x00000000d5580000,0x00000000d5bffff0,0x00000000d5c00000)
  from space 5120K, 98% used [0x00000000d6180000,0x00000000d666b2a0,0x00000000d6680000)
  to   space 5632K, 0% used [0x00000000d5c00000,0x00000000d5c00000,0x00000000d6180000)
 ParOldGen       total 617472K, used 617030K [0x0000000080000000, 0x00000000a5b00000, 0x00000000d5580000)
  object space 617472K, 99% used [0x0000000080000000,0x00000000a5a91b60,0x00000000a5b00000)
 Metaspace       used 93319K, committed 95040K, reserved 1179648K
  class space    used 9746K, committed 10496K, reserved 1048576K
}
Event: 19463.458 GC heap after
{Heap after GC invocations=1093 (full 4):
 PSYoungGen      total 9728K, used 2944K [0x00000000d5580000, 0x00000000d6400000, 0x0000000100000000)
  eden space 6656K, 0% used [0x00000000d5580000,0x00000000d5580000,0x00000000d5c00000)
  from space 3072K, 95% used [0x00000000d5c00000,0x00000000d5ee0000,0x00000000d5f00000)
  to   space 4096K, 0% used [0x00000000d6000000,0x00000000d6000000,0x00000000d6400000)
 ParOldGen       total 622080K, used 621883K [0x0000000080000000, 0x00000000a5f80000, 0x00000000d5580000)
  object space 622080K, 99% used [0x0000000080000000,0x00000000a5f4ee00,0x00000000a5f80000)
 Metaspace       used 93319K, committed 95040K, reserved 1179648K
  class space    used 9746K, committed 10496K, reserved 1048576K
}
Event: 19490.562 GC heap before
{Heap before GC invocations=1094 (full 4):
 PSYoungGen      total 9728K, used 9600K [0x00000000d5580000, 0x00000000d6400000, 0x0000000100000000)
  eden space 6656K, 100% used [0x00000000d5580000,0x00000000d5c00000,0x00000000d5c00000)
  from space 3072K, 95% used [0x00000000d5c00000,0x00000000d5ee0000,0x00000000d5f00000)
  to   space 4096K, 0% used [0x00000000d6000000,0x00000000d6000000,0x00000000d6400000)
 ParOldGen       total 622080K, used 621883K [0x0000000080000000, 0x00000000a5f80000, 0x00000000d5580000)
  object space 622080K, 99% used [0x0000000080000000,0x00000000a5f4ee00,0x00000000a5f80000)
 Metaspace       used 93322K, committed 95040K, reserved 1179648K
  class space    used 9746K, committed 10496K, reserved 1048576K
}
Event: 19490.567 GC heap after
{Heap after GC invocations=1094 (full 4):
 PSYoungGen      total 7168K, used 352K [0x00000000d5580000, 0x00000000d6080000, 0x0000000100000000)
  eden space 6656K, 0% used [0x00000000d5580000,0x00000000d5580000,0x00000000d5c00000)
  from space 512K, 68% used [0x00000000d6000000,0x00000000d6058000,0x00000000d6080000)
  to   space 1536K, 0% used [0x00000000d5d80000,0x00000000d5d80000,0x00000000d5f00000)
 ParOldGen       total 624640K, used 624323K [0x0000000080000000, 0x00000000a6200000, 0x00000000d5580000)
  object space 624640K, 99% used [0x0000000080000000,0x00000000a61b0e50,0x00000000a6200000)
 Metaspace       used 93322K, committed 95040K, reserved 1179648K
  class space    used 9746K, committed 10496K, reserved 1048576K
}
Event: 19491.003 GC heap before
{Heap before GC invocations=1095 (full 4):
 PSYoungGen      total 7168K, used 7008K [0x00000000d5580000, 0x00000000d6080000, 0x0000000100000000)
  eden space 6656K, 100% used [0x00000000d5580000,0x00000000d5c00000,0x00000000d5c00000)
  from space 512K, 68% used [0x00000000d6000000,0x00000000d6058000,0x00000000d6080000)
  to   space 1536K, 0% used [0x00000000d5d80000,0x00000000d5d80000,0x00000000d5f00000)
 ParOldGen       total 624640K, used 624323K [0x0000000080000000, 0x00000000a6200000, 0x00000000d5580000)
  object space 624640K, 99% used [0x0000000080000000,0x00000000a61b0e50,0x00000000a6200000)
 Metaspace       used 93329K, committed 95040K, reserved 1179648K
  class space    used 9746K, committed 10496K, reserved 1048576K
}
Event: 19491.006 GC heap after
{Heap after GC invocations=1095 (full 4):
 PSYoungGen      total 8192K, used 1120K [0x00000000d5580000, 0x00000000d6080000, 0x0000000100000000)
  eden space 6656K, 0% used [0x00000000d5580000,0x00000000d5580000,0x00000000d5c00000)
  from space 1536K, 72% used [0x00000000d5d80000,0x00000000d5e98020,0x00000000d5f00000)
  to   space 1536K, 0% used [0x00000000d5f00000,0x00000000d5f00000,0x00000000d6080000)
 ParOldGen       total 624640K, used 624446K [0x0000000080000000, 0x00000000a6200000, 0x00000000d5580000)
  object space 624640K, 99% used [0x0000000080000000,0x00000000a61cf9e8,0x00000000a6200000)
 Metaspace       used 93329K, committed 95040K, reserved 1179648K
  class space    used 9746K, committed 10496K, reserved 1048576K
}
Event: 19493.202 GC heap before
{Heap before GC invocations=1096 (full 4):
 PSYoungGen      total 8192K, used 7776K [0x00000000d5580000, 0x00000000d6080000, 0x0000000100000000)
  eden space 6656K, 100% used [0x00000000d5580000,0x00000000d5c00000,0x00000000d5c00000)
  from space 1536K, 72% used [0x00000000d5d80000,0x00000000d5e98020,0x00000000d5f00000)
  to   space 1536K, 0% used [0x00000000d5f00000,0x00000000d5f00000,0x00000000d6080000)
 ParOldGen       total 624640K, used 624446K [0x0000000080000000, 0x00000000a6200000, 0x00000000d5580000)
  object space 624640K, 99% used [0x0000000080000000,0x00000000a61cf9e8,0x00000000a6200000)
 Metaspace       used 93338K, committed 95040K, reserved 1179648K
  class space    used 9746K, committed 10496K, reserved 1048576K
}
Event: 19493.207 GC heap after
{Heap after GC invocations=1096 (full 4):
 PSYoungGen      total 5632K, used 1533K [0x00000000d5580000, 0x00000000d6700000, 0x0000000100000000)
  eden space 4096K, 0% used [0x00000000d5580000,0x00000000d5580000,0x00000000d5980000)
  from space 1536K, 99% used [0x00000000d5f00000,0x00000000d607f4a0,0x00000000d6080000)
  to   space 5632K, 0% used [0x00000000d5980000,0x00000000d5980000,0x00000000d5f00000)
 ParOldGen       total 627712K, used 627482K [0x0000000080000000, 0x00000000a6500000, 0x00000000d5580000)
  object space 627712K, 99% used [0x0000000080000000,0x00000000a64c6a50,0x00000000a6500000)
 Metaspace       used 93338K, committed 95040K, reserved 1179648K
  class space    used 9746K, committed 10496K, reserved 1048576K
}
Event: 19493.224 GC heap before
{Heap before GC invocations=1097 (full 4):
 PSYoungGen      total 5632K, used 5629K [0x00000000d5580000, 0x00000000d6700000, 0x0000000100000000)
  eden space 4096K, 100% used [0x00000000d5580000,0x00000000d5980000,0x00000000d5980000)
  from space 1536K, 99% used [0x00000000d5f00000,0x00000000d607f4a0,0x00000000d6080000)
  to   space 5632K, 0% used [0x00000000d5980000,0x00000000d5980000,0x00000000d5f00000)
 ParOldGen       total 627712K, used 627482K [0x0000000080000000, 0x00000000a6500000, 0x00000000d5580000)
  object space 627712K, 99% used [0x0000000080000000,0x00000000a64c6a50,0x00000000a6500000)
 Metaspace       used 93338K, committed 95040K, reserved 1179648K
  class space    used 9746K, committed 10496K, reserved 1048576K
}
Event: 19493.229 GC heap after
{Heap after GC invocations=1097 (full 4):
 PSYoungGen      total 8704K, used 4192K [0x00000000d5580000, 0x00000000d6280000, 0x0000000100000000)
  eden space 4096K, 0% used [0x00000000d5580000,0x00000000d5580000,0x00000000d5980000)
  from space 4608K, 90% used [0x00000000d5980000,0x00000000d5d98000,0x00000000d5e00000)
  to   space 4608K, 0% used [0x00000000d5e00000,0x00000000d5e00000,0x00000000d6280000)
 ParOldGen       total 629248K, used 629047K [0x0000000080000000, 0x00000000a6680000, 0x00000000d5580000)
  object space 629248K, 99% used [0x0000000080000000,0x00000000a664df00,0x00000000a6680000)
 Metaspace       used 93338K, committed 95040K, reserved 1179648K
  class space    used 9746K, committed 10496K, reserved 1048576K
}
Event: 19493.261 GC heap before
{Heap before GC invocations=1098 (full 4):
 PSYoungGen      total 8704K, used 8287K [0x00000000d5580000, 0x00000000d6280000, 0x0000000100000000)
  eden space 4096K, 99% used [0x00000000d5580000,0x00000000d597fff0,0x00000000d5980000)
  from space 4608K, 90% used [0x00000000d5980000,0x00000000d5d98000,0x00000000d5e00000)
  to   space 4608K, 0% used [0x00000000d5e00000,0x00000000d5e00000,0x00000000d6280000)
 ParOldGen       total 629248K, used 629047K [0x0000000080000000, 0x00000000a6680000, 0x00000000d5580000)
  object space 629248K, 99% used [0x0000000080000000,0x00000000a664df00,0x00000000a6680000)
 Metaspace       used 93338K, committed 95040K, reserved 1179648K
  class space    used 9746K, committed 10496K, reserved 1048576K
}
Event: 19493.280 GC heap after
{Heap after GC invocations=1098 (full 4):
 PSYoungGen      total 7680K, used 3336K [0x00000000d5580000, 0x00000000d6180000, 0x0000000100000000)
  eden space 4096K, 0% used [0x00000000d5580000,0x00000000d5580000,0x00000000d5980000)
  from space 3584K, 93% used [0x00000000d5e00000,0x00000000d6142000,0x00000000d6180000)
  to   space 4096K, 0% used [0x00000000d5980000,0x00000000d5980000,0x00000000d5d80000)
 ParOldGen       total 633344K, used 633167K [0x0000000080000000, 0x00000000a6a80000, 0x00000000d5580000)
  object space 633344K, 99% used [0x0000000080000000,0x00000000a6a53f00,0x00000000a6a80000)
 Metaspace       used 93338K, committed 95040K, reserved 1179648K
  class space    used 9746K, committed 10496K, reserved 1048576K
}
Event: 19493.314 GC heap before
{Heap before GC invocations=1099 (full 4):
 PSYoungGen      total 7680K, used 7432K [0x00000000d5580000, 0x00000000d6180000, 0x0000000100000000)
  eden space 4096K, 100% used [0x00000000d5580000,0x00000000d5980000,0x00000000d5980000)
  from space 3584K, 93% used [0x00000000d5e00000,0x00000000d6142000,0x00000000d6180000)
  to   space 4096K, 0% used [0x00000000d5980000,0x00000000d5980000,0x00000000d5d80000)
 ParOldGen       total 633344K, used 633167K [0x0000000080000000, 0x00000000a6a80000, 0x00000000d5580000)
  object space 633344K, 99% used [0x0000000080000000,0x00000000a6a53f00,0x00000000a6a80000)
 Metaspace       used 93338K, committed 95040K, reserved 1179648K
  class space    used 9746K, committed 10496K, reserved 1048576K
}
Event: 19493.323 GC heap after
{Heap after GC invocations=1099 (full 4):
 PSYoungGen      total 7680K, used 3337K [0x00000000d5580000, 0x00000000d6080000, 0x0000000100000000)
  eden space 4096K, 0% used [0x00000000d5580000,0x00000000d5580000,0x00000000d5980000)
  from space 3584K, 93% used [0x00000000d5980000,0x00000000d5cc2558,0x00000000d5d00000)
  to   space 3584K, 0% used [0x00000000d5d00000,0x00000000d5d00000,0x00000000d6080000)
 ParOldGen       total 635904K, used 635807K [0x0000000080000000, 0x00000000a6d00000, 0x00000000d5580000)
  object space 635904K, 99% used [0x0000000080000000,0x00000000a6ce7f00,0x00000000a6d00000)
 Metaspace       used 93338K, committed 95040K, reserved 1179648K
  class space    used 9746K, committed 10496K, reserved 1048576K
}
Event: 19493.386 GC heap before
{Heap before GC invocations=1100 (full 4):
 PSYoungGen      total 7680K, used 7433K [0x00000000d5580000, 0x00000000d6080000, 0x0000000100000000)
  eden space 4096K, 100% used [0x00000000d5580000,0x00000000d5980000,0x00000000d5980000)
  from space 3584K, 93% used [0x00000000d5980000,0x00000000d5cc2558,0x00000000d5d00000)
  to   space 3584K, 0% used [0x00000000d5d00000,0x00000000d5d00000,0x00000000d6080000)
 ParOldGen       total 635904K, used 635807K [0x0000000080000000, 0x00000000a6d00000, 0x00000000d5580000)
  object space 635904K, 99% used [0x0000000080000000,0x00000000a6ce7f00,0x00000000a6d00000)
 Metaspace       used 93352K, committed 95104K, reserved 1179648K
  class space    used 9746K, committed 10496K, reserved 1048576K
}
Event: 19493.403 GC heap after
{Heap after GC invocations=1100 (full 4):
 PSYoungGen      total 6656K, used 2215K [0x00000000d5580000, 0x00000000d5f80000, 0x0000000100000000)
  eden space 4096K, 0% used [0x00000000d5580000,0x00000000d5580000,0x00000000d5980000)
  from space 2560K, 86% used [0x00000000d5d00000,0x00000000d5f29e28,0x00000000d5f80000)
  to   space 3072K, 0% used [0x00000000d5980000,0x00000000d5980000,0x00000000d5c80000)
 ParOldGen       total 639488K, used 639050K [0x0000000080000000, 0x00000000a7080000, 0x00000000d5580000)
  object space 639488K, 99% used [0x0000000080000000,0x00000000a70128f8,0x00000000a7080000)
 Metaspace       used 93352K, committed 95104K, reserved 1179648K
  class space    used 9746K, committed 10496K, reserved 1048576K
}
Event: 19493.423 GC heap before
{Heap before GC invocations=1101 (full 4):
 PSYoungGen      total 6656K, used 6311K [0x00000000d5580000, 0x00000000d5f80000, 0x0000000100000000)
  eden space 4096K, 100% used [0x00000000d5580000,0x00000000d5980000,0x00000000d5980000)
  from space 2560K, 86% used [0x00000000d5d00000,0x00000000d5f29e28,0x00000000d5f80000)
  to   space 3072K, 0% used [0x00000000d5980000,0x00000000d5980000,0x00000000d5c80000)
 ParOldGen       total 639488K, used 639050K [0x0000000080000000, 0x00000000a7080000, 0x00000000d5580000)
  object space 639488K, 99% used [0x0000000080000000,0x00000000a70128f8,0x00000000a7080000)
 Metaspace       used 93352K, committed 95104K, reserved 1179648K
  class space    used 9746K, committed 10496K, reserved 1048576K
}
Event: 19493.430 GC heap after
{Heap after GC invocations=1101 (full 4):
 PSYoungGen      total 7168K, used 3072K [0x00000000d5580000, 0x00000000d6680000, 0x0000000100000000)
  eden space 4096K, 0% used [0x00000000d5580000,0x00000000d5580000,0x00000000d5980000)
  from space 3072K, 100% used [0x00000000d5980000,0x00000000d5c80000,0x00000000d5c80000)
  to   space 6144K, 0% used [0x00000000d6080000,0x00000000d6080000,0x00000000d6680000)
 ParOldGen       total 641536K, used 641532K [0x0000000080000000, 0x00000000a7280000, 0x00000000d5580000)
  object space 641536K, 99% used [0x0000000080000000,0x00000000a727f2b8,0x00000000a7280000)
 Metaspace       used 93352K, committed 95104K, reserved 1179648K
  class space    used 9746K, committed 10496K, reserved 1048576K
}
Event: 19493.470 GC heap before
{Heap before GC invocations=1102 (full 4):
 PSYoungGen      total 7168K, used 7168K [0x00000000d5580000, 0x00000000d6680000, 0x0000000100000000)
  eden space 4096K, 100% used [0x00000000d5580000,0x00000000d5980000,0x00000000d5980000)
  from space 3072K, 100% used [0x00000000d5980000,0x00000000d5c80000,0x00000000d5c80000)
  to   space 6144K, 0% used [0x00000000d6080000,0x00000000d6080000,0x00000000d6680000)
 ParOldGen       total 641536K, used 641532K [0x0000000080000000, 0x00000000a7280000, 0x00000000d5580000)
  object space 641536K, 99% used [0x0000000080000000,0x00000000a727f2b8,0x00000000a7280000)
 Metaspace       used 93358K, committed 95104K, reserved 1179648K
  class space    used 9746K, committed 10496K, reserved 1048576K
}
Event: 19495.488 GC heap after
{Heap after GC invocations=1102 (full 4):
 PSYoungGen      total 8192K, used 2848K [0x00000000d5580000, 0x00000000d6380000, 0x0000000100000000)
  eden space 5120K, 0% used [0x00000000d5580000,0x00000000d5580000,0x00000000d5a80000)
  from space 3072K, 92% used [0x00000000d6080000,0x00000000d6348000,0x00000000d6380000)
  to   space 4096K, 0% used [0x00000000d5b80000,0x00000000d5b80000,0x00000000d5f80000)
 ParOldGen       total 645120K, used 644636K [0x0000000080000000, 0x00000000a7600000, 0x00000000d5580000)
  object space 645120K, 99% used [0x0000000080000000,0x00000000a75872b8,0x00000000a7600000)
 Metaspace       used 93358K, committed 95104K, reserved 1179648K
  class space    used 9746K, committed 10496K, reserved 1048576K
}

